<?xml version="1.0" encoding="UTF-8"?>
<testsuites name="jest tests" tests="1" failures="0" errors="0" time="7.933">
  <testsuite name="undefined" errors="0" failures="0" skipped="0" timestamp="2022-07-17T09:36:13" time="7.792" tests="1">
    <testcase classname=" Snapshot" name=" Snapshot" time="0.031">
    </testcase>
  </testsuite>
</testsuites>