<?xml version="1.0" encoding="UTF-8"?>
<testsuites name="jest tests" tests="1" failures="0" errors="0" time="3.284">
  <testsuite name="undefined" errors="0" failures="0" skipped="0" timestamp="2022-08-23T15:27:24" time="3.238" tests="1">
    <testcase classname=" Snapshot" name=" Snapshot" time="0.018">
    </testcase>
  </testsuite>
</testsuites>